<?xml version="1.0" encoding="UTF-8"?>
<!-- Generated by org.testng.reporters.JUnitXMLReporter -->
<testsuite ignored="0" hostname="Mrinmoys-MacBook-Air.local" failures="1" tests="7" name="Surefire test" time="73.9" errors="0" timestamp="2026-01-17T22:52:42 EST">
  <testcase classname="biswasacademy.Tests.SubmitOrderTest" name="submitOrder" time="8.892"/>
  <testcase classname="biswasacademy.Tests.SubmitOrderTest" name="submitOrder" time="9.081"/>
  <testcase classname="biswasacademy.Tests.SubmitOrderTest" name="OrderHistoryTest" time="7.583"/>
  <testcase classname="biswasacademy.Tests.ErrorValidationsTest" name="LoginErrorValidation" time="0.926">
    <skipped/>
  </testcase> <!-- LoginErrorValidation -->
  <testcase classname="biswasacademy.Tests.ErrorValidationsTest" name="LoginErrorValidation" time="1.036">
    <failure type="java.lang.AssertionError" message="expected [Incorrect email or password.] but found [Incorrect email or password. 123]">
      <![CDATA[java.lang.AssertionError: expected [Incorrect email or password.] but found [Incorrect email or password. 123]
at biswasacademy.Tests.ErrorValidationsTest.LoginErrorValidation(ErrorValidationsTest.java:20)
at java.base/java.util.ArrayList.forEach(ArrayList.java:1511)
... Removed 36 stack frames]]>
    </failure>
  </testcase> <!-- LoginErrorValidation -->
  <testcase classname="biswasacademy.Tests.ErrorValidationsTest" name="ProductErrorValidation" time="5.787"/>
  <testcase classname="biswasacademy.EntentReportsD.ExtentReportsTest" name="initialDemo" time="7.941"/>
</testsuite> <!-- Surefire test -->
