<?xml version="1.0" encoding="UTF-8"?>
<!-- Generated by org.testng.reporters.JUnitXMLReporter -->
<testsuite ignored="0" hostname="Mrinmoys-MacBook-Pro-M5.local" failures="0" tests="2" name="Error Validation Test" time="37.954" errors="0" timestamp="2026-02-03T15:57:51 EST">
  <testcase classname="biswasacademy.Tests.ErrorValidationsTest" name="LoginErrorValidation" time="0.423"/>
  <testcase classname="biswasacademy.Tests.ErrorValidationsTest" name="ProductErrorValidation" time="6.474"/>
</testsuite> <!-- Error Validation Test -->
