<?xml version="1.0" encoding="UTF-8"?>
<!-- Generated by org.testng.reporters.JUnitXMLReporter -->
<testsuite ignored="0" hostname="Mrinmoys-MacBook-Pro-M1.local" failures="0" tests="3" name="Submit Order Test" time="44.498" errors="0" timestamp="2026-03-01T00:45:21 EST">
  <testcase classname="biswasacademy.Tests.SubmitOrderTest" name="submitOrder" time="8.776"/>
  <testcase classname="biswasacademy.Tests.SubmitOrderTest" name="submitOrder" time="8.27"/>
  <testcase classname="biswasacademy.Tests.SubmitOrderTest" name="OrderHistoryTest" time="7.436"/>
</testsuite> <!-- Submit Order Test -->
