<?xml version="1.0" encoding="UTF-8"?>
<!-- Generated by org.testng.reporters.JUnitXMLReporter -->
<testsuite ignored="0" hostname="Mrinmoys-MacBook-Pro-M5.local" failures="0" tests="3" name="Submit Order Test" time="47.209" errors="0" timestamp="2026-02-03T22:51:42 EST">
  <testcase classname="biswasacademy.Tests.SubmitOrderTest" name="submitOrder" time="9.036"/>
  <testcase classname="biswasacademy.Tests.SubmitOrderTest" name="submitOrder" time="8.923"/>
  <testcase classname="biswasacademy.Tests.SubmitOrderTest" name="OrderHistoryTest" time="7.419"/>
</testsuite> <!-- Submit Order Test -->
