<?xml version="1.0" encoding="UTF-8"?>
<!-- Generated by org.testng.reporters.JUnitReportReporter -->
<testsuite hostname="Mrinmoys-MacBook-Pro-M5.local" failures="0" tests="3" name="biswasacademy.Tests.SubmitOrderTest" time="47.144" errors="0" timestamp="2026-02-03T22:51:42 EST" skipped="0">
  <testcase classname="biswasacademy.Tests.SubmitOrderTest" name="submitOrder" time="13.915"/>
  <testcase classname="biswasacademy.Tests.SubmitOrderTest" name="OrderHistoryTest" time="15.293"/>
  <testcase classname="biswasacademy.Tests.SubmitOrderTest" name="submitOrder" time="17.936"/>
</testsuite> <!-- biswasacademy.Tests.SubmitOrderTest -->
