<?xml version="1.0" encoding="UTF-8"?>
<!-- Generated by org.testng.reporters.JUnitReportReporter -->
<testsuite hostname="Mrinmoys-MacBook-Air.local" failures="0" tests="2" name="biswasacademy.Tests.ErrorValidationsTest" time="20.087" errors="0" timestamp="2026-02-05T19:31:03 EST" skipped="0">
  <testcase classname="biswasacademy.Tests.ErrorValidationsTest" name="ProductErrorValidation" time="13.725"/>
  <testcase classname="biswasacademy.Tests.ErrorValidationsTest" name="LoginErrorValidation" time="6.362"/>
</testsuite> <!-- biswasacademy.Tests.ErrorValidationsTest -->
