<?xml version="1.0" encoding="UTF-8"?>
<!-- Generated by org.testng.reporters.JUnitReportReporter -->
<testsuite hostname="Mrinmoys-MacBook-Pro-M5.local" failures="0" tests="2" name="cucumber.TestNGTestRunner" time="27.011" errors="0" timestamp="2026-02-03T23:48:21 EST" skipped="0">
  <testcase classname="cucumber.TestNGTestRunner" name="runScenario" time="9.971"/>
  <testcase classname="cucumber.TestNGTestRunner" name="runScenario" time="17.040"/>
</testsuite> <!-- cucumber.TestNGTestRunner -->
